[+] Containers:
 |- [+] Container: /Game/SlinkyDog/Proto_2dMap
 |   |- [+] ActorDescs:
 |   |   |- Guid:06EB29A84C2595B22FBDD284C795708A BaseClass: NativeClass:/Script/Engine.ExponentialHeightFog Name:ExponentialHeightFog_0 Label:ExponentialHeightFog SpatiallyLoaded:0 Bounds:IsValid=true, Min=(X=-5600.000 Y=-50.000 Z=-6850.000), Max=(X=-5600.000 Y=-50.000 Z=-6850.000) RuntimeGrid:None EditorOnly:0 RuntimeOnly:0 HLODRelevant:0 ListedInSceneOutliner:1 IsMainWorldOnly:0 FolderPath:Lighting FolderGuid:963EC3EB4002CCE9759E2EBA541A873A
 |   |   |- Guid:0D1A002E433400F5A3AA7DA4F379DD45 BaseClass: NativeClass:/Script/Engine.StaticMeshActor Name:StaticMeshActor_UAID_A4AE111137DC5EFB00_1110535423 Label:SM_SkySphere SpatiallyLoaded:0 Bounds:IsValid=true, Min=(X=-1638400.000 Y=-1638400.000 Z=-1638400.000), Max=(X=1638400.000 Y=1638400.000 Z=1638400.000) RuntimeGrid:None EditorOnly:0 RuntimeOnly:0 HLODRelevant:1 ListedInSceneOutliner:1 IsMainWorldOnly:0 FolderPath:Lighting FolderGuid:963EC3EB4002CCE9759E2EBA541A873A
 |   |   |- Guid:1542FB1F42D990BA7EBC37B0AB8B4E4A BaseClass: NativeClass:/Script/Engine.StaticMeshActor Name:StaticMeshActor_UAID_581122DDD2169CDE01_2051505048 Label:hotdog_tail_2 SpatiallyLoaded:1 Bounds:IsValid=true, Min=(X=128.493 Y=-2019.637 Z=-1.825), Max=(X=987.819 Y=-1460.363 Z=555.528) RuntimeGrid:None EditorOnly:0 RuntimeOnly:0 HLODRelevant:1 ListedInSceneOutliner:1 IsMainWorldOnly:0
 |   |   |- Guid:2B71E0184A761A3F48F606B52B265DB6 BaseClass: NativeClass:/Script/Engine.StaticMeshActor Name:StaticMeshActor_UAID_489EBD54FF2393DE01_1821807464 Label:StaticMeshActor2 SpatiallyLoaded:1 Bounds:IsValid=true, Min=(X=230.000 Y=20.000 Z=40.000), Max=(X=230.000 Y=20.000 Z=40.000) RuntimeGrid:None EditorOnly:0 RuntimeOnly:0 HLODRelevant:0 ListedInSceneOutliner:1 IsMainWorldOnly:0
 |   |   |- Guid:63925E88487A3B3AD98A5290A5160DC6 BaseClass: NativeClass:/Script/Engine.PlayerStart Name:PlayerStart_0 Label:PlayerStart SpatiallyLoaded:0 Bounds:IsValid=true, Min=(X=860.000 Y=-40.000 Z=0.013), Max=(X=940.000 Y=40.000 Z=184.013) RuntimeGrid:None EditorOnly:0 RuntimeOnly:0 HLODRelevant:0 ListedInSceneOutliner:1 IsMainWorldOnly:0
 |   |   |- Guid:7152493340A39057A8CB2A8328A78BAB BaseClass: NativeClass:/Script/Engine.StaticMeshActor Name:StaticMeshActor_UAID_489EBD54FF2393DE01_1821048463 Label:StaticMeshActor SpatiallyLoaded:1 Bounds:IsValid=true, Min=(X=10.000 Y=-30.000 Z=40.000), Max=(X=10.000 Y=-30.000 Z=40.000) RuntimeGrid:None EditorOnly:0 RuntimeOnly:0 HLODRelevant:0 ListedInSceneOutliner:1 IsMainWorldOnly:0
 |   |   |- Guid:9ACDF40A4059B0468E06A8A089BA68A7 BaseClass: NativeClass:/Script/Engine.StaticMeshActor Name:StaticMeshActor_5 Label:SM_Cube2 SpatiallyLoaded:1 Bounds:IsValid=true, Min=(X=0.000 Y=-340.000 Z=0.000), Max=(X=3000.000 Y=-240.000 Z=400.000) RuntimeGrid:None EditorOnly:0 RuntimeOnly:0 HLODRelevant:1 ListedInSceneOutliner:1 IsMainWorldOnly:0 FolderPath:LevelGeometry FolderGuid:0C5414C24AEEA50241B55AA00F1190BD
 |   |   |- Guid:9F58F10D4F198B00A250FA9D6E546C7A BaseClass: NativeClass:/Script/Engine.VolumetricCloud Name:VolumetricCloud_0 Label:VolumetricCloud SpatiallyLoaded:0 Bounds:IsValid=true, Min=(X=0.000 Y=0.000 Z=820.000), Max=(X=0.000 Y=0.000 Z=820.000) RuntimeGrid:None EditorOnly:0 RuntimeOnly:0 HLODRelevant:0 ListedInSceneOutliner:1 IsMainWorldOnly:0 FolderPath:Lighting FolderGuid:963EC3EB4002CCE9759E2EBA541A873A
 |   |   |- Guid:A2504D7046CCF962F02B25ACCB1257F9 BaseClass: NativeClass:/Script/Engine.DirectionalLight Name:DirectionalLight_0 Label:DirectionalLight SpatiallyLoaded:0 Bounds:IsValid=true, Min=(X=-4398046511104.000 Y=-4398046511104.000 Z=-4398046511104.000), Max=(X=4398046511104.000 Y=4398046511104.000 Z=4398046511104.000) RuntimeGrid:None EditorOnly:0 RuntimeOnly:0 HLODRelevant:0 ListedInSceneOutliner:1 IsMainWorldOnly:0 FolderPath:Lighting FolderGuid:963EC3EB4002CCE9759E2EBA541A873A
 |   |   |- Guid:A544925545E552B1A5D17E88E780B997 BaseClass: NativeClass:/Script/Engine.StaticMeshActor Name:StaticMeshActor_UAID_581122DDD2169CDE01_2028210047 Label:hotdog_head_2 SpatiallyLoaded:1 Bounds:IsValid=true, Min=(X=1396.114 Y=-2019.637 Z=-16.217), Max=(X=2232.375 Y=-1460.363 Z=552.931) RuntimeGrid:None EditorOnly:0 RuntimeOnly:0 HLODRelevant:1 ListedInSceneOutliner:1 IsMainWorldOnly:0
 |   |   |- Guid:A7BF85434229B2139956A5AFF793A0E0 BaseClass: NativeClass:/Script/Engine.SkyLight Name:SkyLight_1 Label:SkyLight SpatiallyLoaded:0 Bounds:IsValid=true, Min=(X=0.000 Y=0.000 Z=690.000), Max=(X=0.000 Y=0.000 Z=690.000) RuntimeGrid:None EditorOnly:0 RuntimeOnly:0 HLODRelevant:0 ListedInSceneOutliner:1 IsMainWorldOnly:0 FolderPath:Lighting FolderGuid:963EC3EB4002CCE9759E2EBA541A873A
 |   |   |- Guid:B54468C24CCFD6BF0643159E54D4DF89 BaseClass: NativeClass:/Script/Engine.PostProcessVolume Name:PostProcessVolume_0 Label:PostProcessVolume SpatiallyLoaded:0 Bounds:IsValid=true, Min=(X=0.000 Y=0.000 Z=400.000), Max=(X=200.000 Y=200.000 Z=600.000) RuntimeGrid:None EditorOnly:0 RuntimeOnly:0 HLODRelevant:0 ListedInSceneOutliner:1 IsMainWorldOnly:0 FolderPath:Lighting FolderGuid:963EC3EB4002CCE9759E2EBA541A873A
 |   |   |- Guid:CFB68A2845C47E92713FAEB50270ED23 BaseClass: NativeClass:/Script/Engine.StaticMeshActor Name:StaticMeshActor_UAID_581122DDD2169CDE01_2064367049 Label:spring SpatiallyLoaded:1 Bounds:IsValid=true, Min=(X=908.991 Y=-1919.070 Z=198.609), Max=(X=1522.465 Y=-1540.930 Z=512.744) RuntimeGrid:None EditorOnly:0 RuntimeOnly:0 HLODRelevant:1 ListedInSceneOutliner:1 IsMainWorldOnly:0
 |   |   |- Guid:DD291F9B481BD4FDAD3B4A9D6119AA4B BaseClass: NativeClass:/Script/Engine.SkyAtmosphere Name:SkyAtmosphere_0 Label:SkyAtmosphere SpatiallyLoaded:0 Bounds:IsValid=true, Min=(X=0.000 Y=0.000 Z=1020.000), Max=(X=0.000 Y=0.000 Z=1020.000) RuntimeGrid:None EditorOnly:0 RuntimeOnly:0 HLODRelevant:0 ListedInSceneOutliner:1 IsMainWorldOnly:0 FolderPath:Lighting FolderGuid:963EC3EB4002CCE9759E2EBA541A873A
 |   |   |- Guid:F502392D4AC4407AF2BA27A86B58567E BaseClass: NativeClass:/Script/Engine.WorldDataLayers Name:WorldDataLayers Label:WorldDataLayers SpatiallyLoaded:0 Bounds:Invalid RuntimeGrid:None EditorOnly:0 RuntimeOnly:0 HLODRelevant:0 ListedInSceneOutliner:1 IsMainWorldOnly:1
 |   |   |- Guid:FCFC3C8B4F35FC9A72FA4698C031BB22 BaseClass: NativeClass:/Script/Engine.StaticMeshActor Name:StaticMeshActor_1 Label:SM_Cube SpatiallyLoaded:1 Bounds:IsValid=true, Min=(X=0.000 Y=-3240.000 Z=-50.000), Max=(X=3000.000 Y=260.000 Z=0.000) RuntimeGrid:None EditorOnly:0 RuntimeOnly:0 HLODRelevant:1 ListedInSceneOutliner:1 IsMainWorldOnly:0 FolderPath:LevelGeometry FolderGuid:0C5414C24AEEA50241B55AA00F1190BD
 |   |- [+] Clusters:
 |   |   |- [+] [  0]
 |   |   |   |- Guid:06EB29A84C2595B22FBDD284C795708A BaseClass: NativeClass:/Script/Engine.ExponentialHeightFog Name:ExponentialHeightFog_0 Label:ExponentialHeightFog SpatiallyLoaded:0 Bounds:IsValid=true, Min=(X=-5600.000 Y=-50.000 Z=-6850.000), Max=(X=-5600.000 Y=-50.000 Z=-6850.000) RuntimeGrid:None EditorOnly:0 RuntimeOnly:0 HLODRelevant:0 ListedInSceneOutliner:1 IsMainWorldOnly:0 FolderPath:Lighting FolderGuid:963EC3EB4002CCE9759E2EBA541A873A
 |   |   |- [+] [  1]
 |   |   |   |- Guid:0D1A002E433400F5A3AA7DA4F379DD45 BaseClass: NativeClass:/Script/Engine.StaticMeshActor Name:StaticMeshActor_UAID_A4AE111137DC5EFB00_1110535423 Label:SM_SkySphere SpatiallyLoaded:0 Bounds:IsValid=true, Min=(X=-1638400.000 Y=-1638400.000 Z=-1638400.000), Max=(X=1638400.000 Y=1638400.000 Z=1638400.000) RuntimeGrid:None EditorOnly:0 RuntimeOnly:0 HLODRelevant:1 ListedInSceneOutliner:1 IsMainWorldOnly:0 FolderPath:Lighting FolderGuid:963EC3EB4002CCE9759E2EBA541A873A
 |   |   |- [+] [  2]
 |   |   |   |- Guid:1542FB1F42D990BA7EBC37B0AB8B4E4A BaseClass: NativeClass:/Script/Engine.StaticMeshActor Name:StaticMeshActor_UAID_581122DDD2169CDE01_2051505048 Label:hotdog_tail_2 SpatiallyLoaded:1 Bounds:IsValid=true, Min=(X=128.493 Y=-2019.637 Z=-1.825), Max=(X=987.819 Y=-1460.363 Z=555.528) RuntimeGrid:None EditorOnly:0 RuntimeOnly:0 HLODRelevant:1 ListedInSceneOutliner:1 IsMainWorldOnly:0
 |   |   |- [+] [  3]
 |   |   |   |- Guid:2B71E0184A761A3F48F606B52B265DB6 BaseClass: NativeClass:/Script/Engine.StaticMeshActor Name:StaticMeshActor_UAID_489EBD54FF2393DE01_1821807464 Label:StaticMeshActor2 SpatiallyLoaded:1 Bounds:IsValid=true, Min=(X=230.000 Y=20.000 Z=40.000), Max=(X=230.000 Y=20.000 Z=40.000) RuntimeGrid:None EditorOnly:0 RuntimeOnly:0 HLODRelevant:0 ListedInSceneOutliner:1 IsMainWorldOnly:0
 |   |   |- [+] [  4]
 |   |   |   |- Guid:63925E88487A3B3AD98A5290A5160DC6 BaseClass: NativeClass:/Script/Engine.PlayerStart Name:PlayerStart_0 Label:PlayerStart SpatiallyLoaded:0 Bounds:IsValid=true, Min=(X=860.000 Y=-40.000 Z=0.013), Max=(X=940.000 Y=40.000 Z=184.013) RuntimeGrid:None EditorOnly:0 RuntimeOnly:0 HLODRelevant:0 ListedInSceneOutliner:1 IsMainWorldOnly:0
 |   |   |- [+] [  5]
 |   |   |   |- Guid:7152493340A39057A8CB2A8328A78BAB BaseClass: NativeClass:/Script/Engine.StaticMeshActor Name:StaticMeshActor_UAID_489EBD54FF2393DE01_1821048463 Label:StaticMeshActor SpatiallyLoaded:1 Bounds:IsValid=true, Min=(X=10.000 Y=-30.000 Z=40.000), Max=(X=10.000 Y=-30.000 Z=40.000) RuntimeGrid:None EditorOnly:0 RuntimeOnly:0 HLODRelevant:0 ListedInSceneOutliner:1 IsMainWorldOnly:0
 |   |   |- [+] [  6]
 |   |   |   |- Guid:9ACDF40A4059B0468E06A8A089BA68A7 BaseClass: NativeClass:/Script/Engine.StaticMeshActor Name:StaticMeshActor_5 Label:SM_Cube2 SpatiallyLoaded:1 Bounds:IsValid=true, Min=(X=0.000 Y=-340.000 Z=0.000), Max=(X=3000.000 Y=-240.000 Z=400.000) RuntimeGrid:None EditorOnly:0 RuntimeOnly:0 HLODRelevant:1 ListedInSceneOutliner:1 IsMainWorldOnly:0 FolderPath:LevelGeometry FolderGuid:0C5414C24AEEA50241B55AA00F1190BD
 |   |   |- [+] [  7]
 |   |   |   |- Guid:9F58F10D4F198B00A250FA9D6E546C7A BaseClass: NativeClass:/Script/Engine.VolumetricCloud Name:VolumetricCloud_0 Label:VolumetricCloud SpatiallyLoaded:0 Bounds:IsValid=true, Min=(X=0.000 Y=0.000 Z=820.000), Max=(X=0.000 Y=0.000 Z=820.000) RuntimeGrid:None EditorOnly:0 RuntimeOnly:0 HLODRelevant:0 ListedInSceneOutliner:1 IsMainWorldOnly:0 FolderPath:Lighting FolderGuid:963EC3EB4002CCE9759E2EBA541A873A
 |   |   |- [+] [  8]
 |   |   |   |- Guid:A2504D7046CCF962F02B25ACCB1257F9 BaseClass: NativeClass:/Script/Engine.DirectionalLight Name:DirectionalLight_0 Label:DirectionalLight SpatiallyLoaded:0 Bounds:IsValid=true, Min=(X=-4398046511104.000 Y=-4398046511104.000 Z=-4398046511104.000), Max=(X=4398046511104.000 Y=4398046511104.000 Z=4398046511104.000) RuntimeGrid:None EditorOnly:0 RuntimeOnly:0 HLODRelevant:0 ListedInSceneOutliner:1 IsMainWorldOnly:0 FolderPath:Lighting FolderGuid:963EC3EB4002CCE9759E2EBA541A873A
 |   |   |- [+] [  9]
 |   |   |   |- Guid:A544925545E552B1A5D17E88E780B997 BaseClass: NativeClass:/Script/Engine.StaticMeshActor Name:StaticMeshActor_UAID_581122DDD2169CDE01_2028210047 Label:hotdog_head_2 SpatiallyLoaded:1 Bounds:IsValid=true, Min=(X=1396.114 Y=-2019.637 Z=-16.217), Max=(X=2232.375 Y=-1460.363 Z=552.931) RuntimeGrid:None EditorOnly:0 RuntimeOnly:0 HLODRelevant:1 ListedInSceneOutliner:1 IsMainWorldOnly:0
 |   |   |- [+] [ 10]
 |   |   |   |- Guid:A7BF85434229B2139956A5AFF793A0E0 BaseClass: NativeClass:/Script/Engine.SkyLight Name:SkyLight_1 Label:SkyLight SpatiallyLoaded:0 Bounds:IsValid=true, Min=(X=0.000 Y=0.000 Z=690.000), Max=(X=0.000 Y=0.000 Z=690.000) RuntimeGrid:None EditorOnly:0 RuntimeOnly:0 HLODRelevant:0 ListedInSceneOutliner:1 IsMainWorldOnly:0 FolderPath:Lighting FolderGuid:963EC3EB4002CCE9759E2EBA541A873A
 |   |   |- [+] [ 11]
 |   |   |   |- Guid:B54468C24CCFD6BF0643159E54D4DF89 BaseClass: NativeClass:/Script/Engine.PostProcessVolume Name:PostProcessVolume_0 Label:PostProcessVolume SpatiallyLoaded:0 Bounds:IsValid=true, Min=(X=0.000 Y=0.000 Z=400.000), Max=(X=200.000 Y=200.000 Z=600.000) RuntimeGrid:None EditorOnly:0 RuntimeOnly:0 HLODRelevant:0 ListedInSceneOutliner:1 IsMainWorldOnly:0 FolderPath:Lighting FolderGuid:963EC3EB4002CCE9759E2EBA541A873A
 |   |   |- [+] [ 12]
 |   |   |   |- Guid:CFB68A2845C47E92713FAEB50270ED23 BaseClass: NativeClass:/Script/Engine.StaticMeshActor Name:StaticMeshActor_UAID_581122DDD2169CDE01_2064367049 Label:spring SpatiallyLoaded:1 Bounds:IsValid=true, Min=(X=908.991 Y=-1919.070 Z=198.609), Max=(X=1522.465 Y=-1540.930 Z=512.744) RuntimeGrid:None EditorOnly:0 RuntimeOnly:0 HLODRelevant:1 ListedInSceneOutliner:1 IsMainWorldOnly:0
 |   |   |- [+] [ 13]
 |   |   |   |- Guid:DD291F9B481BD4FDAD3B4A9D6119AA4B BaseClass: NativeClass:/Script/Engine.SkyAtmosphere Name:SkyAtmosphere_0 Label:SkyAtmosphere SpatiallyLoaded:0 Bounds:IsValid=true, Min=(X=0.000 Y=0.000 Z=1020.000), Max=(X=0.000 Y=0.000 Z=1020.000) RuntimeGrid:None EditorOnly:0 RuntimeOnly:0 HLODRelevant:0 ListedInSceneOutliner:1 IsMainWorldOnly:0 FolderPath:Lighting FolderGuid:963EC3EB4002CCE9759E2EBA541A873A
 |   |   |- [+] [ 14]
 |   |   |   |- Guid:F502392D4AC4407AF2BA27A86B58567E BaseClass: NativeClass:/Script/Engine.WorldDataLayers Name:WorldDataLayers Label:WorldDataLayers SpatiallyLoaded:0 Bounds:Invalid RuntimeGrid:None EditorOnly:0 RuntimeOnly:0 HLODRelevant:0 ListedInSceneOutliner:1 IsMainWorldOnly:1
 |   |   |- [+] [ 15]
 |   |   |   |- Guid:FCFC3C8B4F35FC9A72FA4698C031BB22 BaseClass: NativeClass:/Script/Engine.StaticMeshActor Name:StaticMeshActor_1 Label:SM_Cube SpatiallyLoaded:1 Bounds:IsValid=true, Min=(X=0.000 Y=-3240.000 Z=-50.000), Max=(X=3000.000 Y=260.000 Z=0.000) RuntimeGrid:None EditorOnly:0 RuntimeOnly:0 HLODRelevant:1 ListedInSceneOutliner:1 IsMainWorldOnly:0 FolderPath:LevelGeometry FolderGuid:0C5414C24AEEA50241B55AA00F1190BD
 |- ContainerInstances:
 |- [+] MainContainer:
 |   |-        ID: 00000000000000000000000000000000
 |   |-  ParentID: 00000000000000000000000000000000
 |   |-    Bounds: IsValid=false, Min=(X=0.000 Y=0.000 Z=0.000), Max=(X=0.000 Y=0.000 Z=0.000)
 |   |- Transform: 0.000000,0.000000,0.000000|0.000000,0.000000,-0.000000|1.000000,1.000000,1.000000
 |   |- Container: /Game/SlinkyDog/Proto_2dMap
----------------------------------------------------------------------------------------------------------------
Proto_2dMap - Persistent Level
----------------------------------------------------------------------------------------------------------------
[+] Content of Proto_2dMap Persistent Level
 |- Always loaded Actor Count: 23 
 |- Actor Path: /Game/SlinkyDog/Proto_2dMap.Proto_2dMap:PersistentLevel.AbstractNavData-Default
 |- Actor Package: /Game/SlinkyDog/Proto_2dMap
 |- Actor Path: /Game/SlinkyDog/Proto_2dMap.Proto_2dMap:PersistentLevel.Brush_0
 |- Actor Package: /Game/SlinkyDog/Proto_2dMap
 |- Actor Path: /Game/SlinkyDog/Proto_2dMap.Proto_2dMap:PersistentLevel.DefaultPhysicsVolume_0
 |- Actor Package: /Game/SlinkyDog/Proto_2dMap
 |- Actor Path: /Game/SlinkyDog/Proto_2dMap.Proto_2dMap:PersistentLevel.DirectionalLight_0
 |- Actor Package: /Game/__ExternalActors__/SlinkyDog/Proto_2dMap/C/OB/BIZ9UKMMRBJLNFZ4I1I1UI
 |- Actor Path: /Game/SlinkyDog/Proto_2dMap.Proto_2dMap:PersistentLevel.ExponentialHeightFog_0
 |- Actor Package: /Game/__ExternalActors__/SlinkyDog/Proto_2dMap/B/0J/OL1IT7ZY0HLMOZIQFDV0YU
 |- Actor Path: /Game/SlinkyDog/Proto_2dMap.Proto_2dMap:PersistentLevel.GameplayDebuggerPlayerManager_0
 |- Actor Package: /Game/SlinkyDog/Proto_2dMap
 |- Actor Path: /Game/SlinkyDog/Proto_2dMap.Proto_2dMap:PersistentLevel.PlayerStart_0
 |- Actor Package: /Game/__ExternalActors__/SlinkyDog/Proto_2dMap/8/GP/ID78SN4XA70S7BPAGPOXQX
 |- Actor Path: /Game/SlinkyDog/Proto_2dMap.Proto_2dMap:PersistentLevel.PostProcessVolume_0
 |- Actor Package: /Game/__ExternalActors__/SlinkyDog/Proto_2dMap/8/82/TAK4STJ7JWI03NPQA2N7TJ
 |- Actor Path: /Game/SlinkyDog/Proto_2dMap.Proto_2dMap:PersistentLevel.Proto_2dMap_C_1
 |- Actor Package: /Game/SlinkyDog/Proto_2dMap
 |- Actor Path: /Game/SlinkyDog/Proto_2dMap.Proto_2dMap:PersistentLevel.SkyAtmosphere_0
 |- Actor Package: /Game/__ExternalActors__/SlinkyDog/Proto_2dMap/9/R8/69BJJOG7WFUB7ISLYRBG2L
 |- Actor Path: /Game/SlinkyDog/Proto_2dMap.Proto_2dMap:PersistentLevel.SkyLight_1
 |- Actor Package: /Game/__ExternalActors__/SlinkyDog/Proto_2dMap/A/AI/1HLTUK93OTL5ZIH5AVZ3XX
 |- Actor Path: /Game/SlinkyDog/Proto_2dMap.Proto_2dMap:PersistentLevel.StaticMeshActor_1
 |- Actor Package: /Game/__ExternalActors__/SlinkyDog/Proto_2dMap/E/3G/0KUPKD8CSJY6WV3ZY61JZI
 |- Actor Path: /Game/SlinkyDog/Proto_2dMap.Proto_2dMap:PersistentLevel.StaticMeshActor_5
 |- Actor Package: /Game/__ExternalActors__/SlinkyDog/Proto_2dMap/9/RS/NQD691KGT7FH0K7UNN8ZZK
 |- Actor Path: /Game/SlinkyDog/Proto_2dMap.Proto_2dMap:PersistentLevel.StaticMeshActor_UAID_489EBD54FF2393DE01_1821048463
 |- Actor Package: /Game/__ExternalActors__/SlinkyDog/Proto_2dMap/7/PA/J906UYTPCOUQGBPAGZ9GLD
 |- Actor Path: /Game/SlinkyDog/Proto_2dMap.Proto_2dMap:PersistentLevel.StaticMeshActor_UAID_489EBD54FF2393DE01_1821807464
 |- Actor Package: /Game/__ExternalActors__/SlinkyDog/Proto_2dMap/7/YN/XHIWN6WDBBC8BGEX487QX2
 |- Actor Path: /Game/SlinkyDog/Proto_2dMap.Proto_2dMap:PersistentLevel.StaticMeshActor_UAID_581122DDD2169CDE01_2028210047
 |- Actor Package: /Game/__ExternalActors__/SlinkyDog/Proto_2dMap/7/KO/TRQ5XUWBENZNIAM68G2YSC
 |- Actor Path: /Game/SlinkyDog/Proto_2dMap.Proto_2dMap:PersistentLevel.StaticMeshActor_UAID_581122DDD2169CDE01_2051505048
 |- Actor Package: /Game/__ExternalActors__/SlinkyDog/Proto_2dMap/6/A1/N732CIW4D06U3TWLTN2WOE
 |- Actor Path: /Game/SlinkyDog/Proto_2dMap.Proto_2dMap:PersistentLevel.StaticMeshActor_UAID_581122DDD2169CDE01_2064367049
 |- Actor Package: /Game/__ExternalActors__/SlinkyDog/Proto_2dMap/9/TW/JXAINJN0HAVJU9CVVU3K8L
 |- Actor Path: /Game/SlinkyDog/Proto_2dMap.Proto_2dMap:PersistentLevel.StaticMeshActor_UAID_A4AE111137DC5EFB00_1110535423
 |- Actor Package: /Game/__ExternalActors__/SlinkyDog/Proto_2dMap/6/EV/2ZMB2MQB73XYQU7PU48LP9
 |- Actor Path: /Game/SlinkyDog/Proto_2dMap.Proto_2dMap:PersistentLevel.VolumetricCloud_0
 |- Actor Package: /Game/__ExternalActors__/SlinkyDog/Proto_2dMap/B/DI/6XW1JHLCB7Z9H43GO3Y66A
 |- Actor Path: /Game/SlinkyDog/Proto_2dMap.Proto_2dMap:PersistentLevel.WorldDataLayers
 |- Actor Package: /Game/__ExternalActors__/SlinkyDog/Proto_2dMap/0/PO/K03IINBYVDWE90BH4C20E2
 |- Actor Path: /Game/SlinkyDog/Proto_2dMap.Proto_2dMap:PersistentLevel.WorldInfo_0
 |- Actor Package: /Game/SlinkyDog/Proto_2dMap
 |- Actor Path: /Game/SlinkyDog/Proto_2dMap.Proto_2dMap:PersistentLevel.WorldPartitionMiniMap_0
 |- Actor Package: /Game/__ExternalActors__/SlinkyDog/Proto_2dMap/D/ZB/19YG2WUL277EM3THUQKJ5D

----------------------------------------------------------------------------------------------------------------
Proto_2dMap - Runtime Spatial Hash - Streaming Grid - MainGrid
----------------------------------------------------------------------------------------------------------------
            Origin: X=0.000 Y=0.000 Z=0.000
         Cell Size: 12800
      World Bounds: IsValid=false, Min=(X=0.000 Y=0.000 Z=0.000), Max=(X=0.000 Y=0.000 Z=0.000)
     Loading Range: 25600.00
Block Slow Loading: No
 ClientOnlyVisible: No
            Origin: X=0.000 Y=0.000 Z=0.000

[+] Grid Levels: 1
 |- Level  0: Cell Count    0 | Cell Size   12800 | Actor Count    0 (0.0%)

[+] Content of Grid Level 0

