[+] Containers:
 |- [+] Container: /Game/SlinkyDog/proto_twoplayer/Proto_2dMap_twoplayer
 |   |- [+] ActorDescs:
 |   |   |- Guid:0519C000854E370769BD53B72EEBB04B BaseClass: NativeClass:/Script/Engine.WorldDataLayers Name:WorldDataLayers Label:WorldDataLayers SpatiallyLoaded:0 Bounds:Invalid RuntimeGrid:None EditorOnly:0 RuntimeOnly:0 HLODRelevant:0 ListedInSceneOutliner:1 IsMainWorldOnly:1
 |   |   |- Guid:1A9C3D17A04C7FC220046A8FD90198E7 BaseClass: NativeClass:/Script/Engine.StaticMeshActor Name:StaticMeshActor_UAID_489EBD54FF2393DE01_1821807464 Label:StaticMeshActor2 SpatiallyLoaded:1 Bounds:IsValid=true, Min=(X=230.000 Y=20.000 Z=40.000), Max=(X=230.000 Y=20.000 Z=40.000) RuntimeGrid:None EditorOnly:0 RuntimeOnly:0 HLODRelevant:0 ListedInSceneOutliner:1 IsMainWorldOnly:0
 |   |   |- Guid:5575C5FD32435E46E34CA58A296A87D8 BaseClass: NativeClass:/Script/Engine.StaticMeshActor Name:StaticMeshActor_1 Label:SM_Cube SpatiallyLoaded:1 Bounds:IsValid=true, Min=(X=0.000 Y=-3240.000 Z=-50.000), Max=(X=3000.000 Y=260.000 Z=0.000) RuntimeGrid:None EditorOnly:0 RuntimeOnly:0 HLODRelevant:1 ListedInSceneOutliner:1 IsMainWorldOnly:0 FolderPath:LevelGeometry FolderGuid:0C5414C24AEEA50241B55AA00F1190BD
 |   |   |- Guid:567986841C44E6ADFCF7E6B5E950DBB8 BaseClass: NativeClass:/Script/Engine.PostProcessVolume Name:PostProcessVolume_0 Label:PostProcessVolume SpatiallyLoaded:0 Bounds:IsValid=true, Min=(X=0.000 Y=0.000 Z=400.000), Max=(X=200.000 Y=200.000 Z=600.000) RuntimeGrid:None EditorOnly:0 RuntimeOnly:0 HLODRelevant:0 ListedInSceneOutliner:1 IsMainWorldOnly:0 FolderPath:Lighting FolderGuid:963EC3EB4002CCE9759E2EBA541A873A
 |   |   |- Guid:61F15974A44667D938E3D5BE8AB7DD0F BaseClass: NativeClass:/Script/Engine.StaticMeshActor Name:StaticMeshActor_UAID_A4AE111137DC5EFB00_1110535423 Label:SM_SkySphere SpatiallyLoaded:0 Bounds:IsValid=true, Min=(X=-1638400.000 Y=-1638400.000 Z=-1638400.000), Max=(X=1638400.000 Y=1638400.000 Z=1638400.000) RuntimeGrid:None EditorOnly:0 RuntimeOnly:0 HLODRelevant:1 ListedInSceneOutliner:1 IsMainWorldOnly:0 FolderPath:Lighting FolderGuid:963EC3EB4002CCE9759E2EBA541A873A
 |   |   |- Guid:7519DE1F3A4458A282095E9FAA829020 BaseClass: NativeClass:/Script/Engine.StaticMeshActor Name:StaticMeshActor_UAID_489EBD54FF2393DE01_1821048463 Label:StaticMeshActor SpatiallyLoaded:1 Bounds:IsValid=true, Min=(X=10.000 Y=-30.000 Z=40.000), Max=(X=10.000 Y=-30.000 Z=40.000) RuntimeGrid:None EditorOnly:0 RuntimeOnly:0 HLODRelevant:0 ListedInSceneOutliner:1 IsMainWorldOnly:0
 |   |   |- Guid:8056C479A9452E34530C14AFB9D43C3E BaseClass:/Game/SlinkyDog/proto_twoplayer/BP_Proto_TwoPlayer1.BP_Proto_TwoPlayer1_C NativeClass:/Script/Engine.Character Name:BP_Proto_TwoPlayer1_C_UAID_A88FD94DF18D85DF01_1114516055 Label:BP_Proto_TwoPlayer1 SpatiallyLoaded:1 Bounds:IsValid=true, Min=(X=785.000 Y=-45.000 Z=-0.146), Max=(X=857.591 Y=25.000 Z=180.336) RuntimeGrid:None EditorOnly:0 RuntimeOnly:0 HLODRelevant:0 ListedInSceneOutliner:1 IsMainWorldOnly:0
 |   |   |- Guid:8AC14B2CD044876F2007509F5CEDBC8B BaseClass: NativeClass:/Script/Engine.StaticMeshActor Name:StaticMeshActor_5 Label:SM_Cube2 SpatiallyLoaded:1 Bounds:IsValid=true, Min=(X=0.000 Y=-340.000 Z=0.000), Max=(X=3000.000 Y=-240.000 Z=400.000) RuntimeGrid:None EditorOnly:0 RuntimeOnly:0 HLODRelevant:1 ListedInSceneOutliner:1 IsMainWorldOnly:0 FolderPath:LevelGeometry FolderGuid:0C5414C24AEEA50241B55AA00F1190BD
 |   |   |- Guid:AB97C20B1444F50324F38FB68FAD9F7D BaseClass: NativeClass:/Script/Engine.DirectionalLight Name:DirectionalLight_0 Label:DirectionalLight SpatiallyLoaded:0 Bounds:IsValid=true, Min=(X=-4398046511104.000 Y=-4398046511104.000 Z=-4398046511104.000), Max=(X=4398046511104.000 Y=4398046511104.000 Z=4398046511104.000) RuntimeGrid:None EditorOnly:0 RuntimeOnly:0 HLODRelevant:0 ListedInSceneOutliner:1 IsMainWorldOnly:0 FolderPath:Lighting FolderGuid:963EC3EB4002CCE9759E2EBA541A873A
 |   |   |- Guid:BAD9235F584A4247ED105D8AF1DE5EE8 BaseClass: NativeClass:/Script/Engine.SkyAtmosphere Name:SkyAtmosphere_0 Label:SkyAtmosphere SpatiallyLoaded:0 Bounds:IsValid=true, Min=(X=0.000 Y=0.000 Z=1020.000), Max=(X=0.000 Y=0.000 Z=1020.000) RuntimeGrid:None EditorOnly:0 RuntimeOnly:0 HLODRelevant:0 ListedInSceneOutliner:1 IsMainWorldOnly:0 FolderPath:Lighting FolderGuid:963EC3EB4002CCE9759E2EBA541A873A
 |   |   |- Guid:C68DFC14F64EC057499AB183F1C43D1C BaseClass: NativeClass:/Script/Engine.SkyLight Name:SkyLight_1 Label:SkyLight SpatiallyLoaded:0 Bounds:IsValid=true, Min=(X=0.000 Y=0.000 Z=690.000), Max=(X=0.000 Y=0.000 Z=690.000) RuntimeGrid:None EditorOnly:0 RuntimeOnly:0 HLODRelevant:0 ListedInSceneOutliner:1 IsMainWorldOnly:0 FolderPath:Lighting FolderGuid:963EC3EB4002CCE9759E2EBA541A873A
 |   |   |- Guid:E8CEE0EF4C442F0F624241A65BC112F4 BaseClass: NativeClass:/Script/Engine.VolumetricCloud Name:VolumetricCloud_0 Label:VolumetricCloud SpatiallyLoaded:0 Bounds:IsValid=true, Min=(X=0.000 Y=0.000 Z=820.000), Max=(X=0.000 Y=0.000 Z=820.000) RuntimeGrid:None EditorOnly:0 RuntimeOnly:0 HLODRelevant:0 ListedInSceneOutliner:1 IsMainWorldOnly:0 FolderPath:Lighting FolderGuid:963EC3EB4002CCE9759E2EBA541A873A
 |   |   |- Guid:E96CEB8809444083C3D410A544B1DDAD BaseClass:/Game/SlinkyDog/proto_twoplayer/BP_Proto_TwoPlayer2.BP_Proto_TwoPlayer2_C NativeClass:/Script/Engine.Character Name:BP_Proto_TwoPlayer2_C_UAID_A88FD94DF18D85DF01_1119216056 Label:BP_Proto_TwoPlayer2 SpatiallyLoaded:1 Bounds:IsValid=true, Min=(X=1125.000 Y=-65.000 Z=-0.146), Max=(X=1197.591 Y=5.000 Z=180.336) RuntimeGrid:None EditorOnly:0 RuntimeOnly:0 HLODRelevant:0 ListedInSceneOutliner:1 IsMainWorldOnly:0
 |   |   |- Guid:F0749F69A2470BAA97522089F0586977 BaseClass: NativeClass:/Script/Engine.ExponentialHeightFog Name:ExponentialHeightFog_0 Label:ExponentialHeightFog SpatiallyLoaded:0 Bounds:IsValid=true, Min=(X=-5600.000 Y=-50.000 Z=-6850.000), Max=(X=-5600.000 Y=-50.000 Z=-6850.000) RuntimeGrid:None EditorOnly:0 RuntimeOnly:0 HLODRelevant:0 ListedInSceneOutliner:1 IsMainWorldOnly:0 FolderPath:Lighting FolderGuid:963EC3EB4002CCE9759E2EBA541A873A
 |   |- [+] Clusters:
 |   |   |- [+] [  0]
 |   |   |   |- Guid:0519C000854E370769BD53B72EEBB04B BaseClass: NativeClass:/Script/Engine.WorldDataLayers Name:WorldDataLayers Label:WorldDataLayers SpatiallyLoaded:0 Bounds:Invalid RuntimeGrid:None EditorOnly:0 RuntimeOnly:0 HLODRelevant:0 ListedInSceneOutliner:1 IsMainWorldOnly:1
 |   |   |- [+] [  1]
 |   |   |   |- Guid:1A9C3D17A04C7FC220046A8FD90198E7 BaseClass: NativeClass:/Script/Engine.StaticMeshActor Name:StaticMeshActor_UAID_489EBD54FF2393DE01_1821807464 Label:StaticMeshActor2 SpatiallyLoaded:1 Bounds:IsValid=true, Min=(X=230.000 Y=20.000 Z=40.000), Max=(X=230.000 Y=20.000 Z=40.000) RuntimeGrid:None EditorOnly:0 RuntimeOnly:0 HLODRelevant:0 ListedInSceneOutliner:1 IsMainWorldOnly:0
 |   |   |- [+] [  2]
 |   |   |   |- Guid:5575C5FD32435E46E34CA58A296A87D8 BaseClass: NativeClass:/Script/Engine.StaticMeshActor Name:StaticMeshActor_1 Label:SM_Cube SpatiallyLoaded:1 Bounds:IsValid=true, Min=(X=0.000 Y=-3240.000 Z=-50.000), Max=(X=3000.000 Y=260.000 Z=0.000) RuntimeGrid:None EditorOnly:0 RuntimeOnly:0 HLODRelevant:1 ListedInSceneOutliner:1 IsMainWorldOnly:0 FolderPath:LevelGeometry FolderGuid:0C5414C24AEEA50241B55AA00F1190BD
 |   |   |- [+] [  3]
 |   |   |   |- Guid:567986841C44E6ADFCF7E6B5E950DBB8 BaseClass: NativeClass:/Script/Engine.PostProcessVolume Name:PostProcessVolume_0 Label:PostProcessVolume SpatiallyLoaded:0 Bounds:IsValid=true, Min=(X=0.000 Y=0.000 Z=400.000), Max=(X=200.000 Y=200.000 Z=600.000) RuntimeGrid:None EditorOnly:0 RuntimeOnly:0 HLODRelevant:0 ListedInSceneOutliner:1 IsMainWorldOnly:0 FolderPath:Lighting FolderGuid:963EC3EB4002CCE9759E2EBA541A873A
 |   |   |- [+] [  4]
 |   |   |   |- Guid:61F15974A44667D938E3D5BE8AB7DD0F BaseClass: NativeClass:/Script/Engine.StaticMeshActor Name:StaticMeshActor_UAID_A4AE111137DC5EFB00_1110535423 Label:SM_SkySphere SpatiallyLoaded:0 Bounds:IsValid=true, Min=(X=-1638400.000 Y=-1638400.000 Z=-1638400.000), Max=(X=1638400.000 Y=1638400.000 Z=1638400.000) RuntimeGrid:None EditorOnly:0 RuntimeOnly:0 HLODRelevant:1 ListedInSceneOutliner:1 IsMainWorldOnly:0 FolderPath:Lighting FolderGuid:963EC3EB4002CCE9759E2EBA541A873A
 |   |   |- [+] [  5]
 |   |   |   |- Guid:7519DE1F3A4458A282095E9FAA829020 BaseClass: NativeClass:/Script/Engine.StaticMeshActor Name:StaticMeshActor_UAID_489EBD54FF2393DE01_1821048463 Label:StaticMeshActor SpatiallyLoaded:1 Bounds:IsValid=true, Min=(X=10.000 Y=-30.000 Z=40.000), Max=(X=10.000 Y=-30.000 Z=40.000) RuntimeGrid:None EditorOnly:0 RuntimeOnly:0 HLODRelevant:0 ListedInSceneOutliner:1 IsMainWorldOnly:0
 |   |   |- [+] [  6]
 |   |   |   |- Guid:8056C479A9452E34530C14AFB9D43C3E BaseClass:/Game/SlinkyDog/proto_twoplayer/BP_Proto_TwoPlayer1.BP_Proto_TwoPlayer1_C NativeClass:/Script/Engine.Character Name:BP_Proto_TwoPlayer1_C_UAID_A88FD94DF18D85DF01_1114516055 Label:BP_Proto_TwoPlayer1 SpatiallyLoaded:1 Bounds:IsValid=true, Min=(X=785.000 Y=-45.000 Z=-0.146), Max=(X=857.591 Y=25.000 Z=180.336) RuntimeGrid:None EditorOnly:0 RuntimeOnly:0 HLODRelevant:0 ListedInSceneOutliner:1 IsMainWorldOnly:0
 |   |   |- [+] [  7]
 |   |   |   |- Guid:8AC14B2CD044876F2007509F5CEDBC8B BaseClass: NativeClass:/Script/Engine.StaticMeshActor Name:StaticMeshActor_5 Label:SM_Cube2 SpatiallyLoaded:1 Bounds:IsValid=true, Min=(X=0.000 Y=-340.000 Z=0.000), Max=(X=3000.000 Y=-240.000 Z=400.000) RuntimeGrid:None EditorOnly:0 RuntimeOnly:0 HLODRelevant:1 ListedInSceneOutliner:1 IsMainWorldOnly:0 FolderPath:LevelGeometry FolderGuid:0C5414C24AEEA50241B55AA00F1190BD
 |   |   |- [+] [  8]
 |   |   |   |- Guid:AB97C20B1444F50324F38FB68FAD9F7D BaseClass: NativeClass:/Script/Engine.DirectionalLight Name:DirectionalLight_0 Label:DirectionalLight SpatiallyLoaded:0 Bounds:IsValid=true, Min=(X=-4398046511104.000 Y=-4398046511104.000 Z=-4398046511104.000), Max=(X=4398046511104.000 Y=4398046511104.000 Z=4398046511104.000) RuntimeGrid:None EditorOnly:0 RuntimeOnly:0 HLODRelevant:0 ListedInSceneOutliner:1 IsMainWorldOnly:0 FolderPath:Lighting FolderGuid:963EC3EB4002CCE9759E2EBA541A873A
 |   |   |- [+] [  9]
 |   |   |   |- Guid:BAD9235F584A4247ED105D8AF1DE5EE8 BaseClass: NativeClass:/Script/Engine.SkyAtmosphere Name:SkyAtmosphere_0 Label:SkyAtmosphere SpatiallyLoaded:0 Bounds:IsValid=true, Min=(X=0.000 Y=0.000 Z=1020.000), Max=(X=0.000 Y=0.000 Z=1020.000) RuntimeGrid:None EditorOnly:0 RuntimeOnly:0 HLODRelevant:0 ListedInSceneOutliner:1 IsMainWorldOnly:0 FolderPath:Lighting FolderGuid:963EC3EB4002CCE9759E2EBA541A873A
 |   |   |- [+] [ 10]
 |   |   |   |- Guid:C68DFC14F64EC057499AB183F1C43D1C BaseClass: NativeClass:/Script/Engine.SkyLight Name:SkyLight_1 Label:SkyLight SpatiallyLoaded:0 Bounds:IsValid=true, Min=(X=0.000 Y=0.000 Z=690.000), Max=(X=0.000 Y=0.000 Z=690.000) RuntimeGrid:None EditorOnly:0 RuntimeOnly:0 HLODRelevant:0 ListedInSceneOutliner:1 IsMainWorldOnly:0 FolderPath:Lighting FolderGuid:963EC3EB4002CCE9759E2EBA541A873A
 |   |   |- [+] [ 11]
 |   |   |   |- Guid:E8CEE0EF4C442F0F624241A65BC112F4 BaseClass: NativeClass:/Script/Engine.VolumetricCloud Name:VolumetricCloud_0 Label:VolumetricCloud SpatiallyLoaded:0 Bounds:IsValid=true, Min=(X=0.000 Y=0.000 Z=820.000), Max=(X=0.000 Y=0.000 Z=820.000) RuntimeGrid:None EditorOnly:0 RuntimeOnly:0 HLODRelevant:0 ListedInSceneOutliner:1 IsMainWorldOnly:0 FolderPath:Lighting FolderGuid:963EC3EB4002CCE9759E2EBA541A873A
 |   |   |- [+] [ 12]
 |   |   |   |- Guid:E96CEB8809444083C3D410A544B1DDAD BaseClass:/Game/SlinkyDog/proto_twoplayer/BP_Proto_TwoPlayer2.BP_Proto_TwoPlayer2_C NativeClass:/Script/Engine.Character Name:BP_Proto_TwoPlayer2_C_UAID_A88FD94DF18D85DF01_1119216056 Label:BP_Proto_TwoPlayer2 SpatiallyLoaded:1 Bounds:IsValid=true, Min=(X=1125.000 Y=-65.000 Z=-0.146), Max=(X=1197.591 Y=5.000 Z=180.336) RuntimeGrid:None EditorOnly:0 RuntimeOnly:0 HLODRelevant:0 ListedInSceneOutliner:1 IsMainWorldOnly:0
 |   |   |- [+] [ 13]
 |   |   |   |- Guid:F0749F69A2470BAA97522089F0586977 BaseClass: NativeClass:/Script/Engine.ExponentialHeightFog Name:ExponentialHeightFog_0 Label:ExponentialHeightFog SpatiallyLoaded:0 Bounds:IsValid=true, Min=(X=-5600.000 Y=-50.000 Z=-6850.000), Max=(X=-5600.000 Y=-50.000 Z=-6850.000) RuntimeGrid:None EditorOnly:0 RuntimeOnly:0 HLODRelevant:0 ListedInSceneOutliner:1 IsMainWorldOnly:0 FolderPath:Lighting FolderGuid:963EC3EB4002CCE9759E2EBA541A873A
 |- ContainerInstances:
 |- [+] MainContainer:
 |   |-        ID: 00000000000000000000000000000000
 |   |-  ParentID: 00000000000000000000000000000000
 |   |-    Bounds: IsValid=false, Min=(X=0.000 Y=0.000 Z=0.000), Max=(X=0.000 Y=0.000 Z=0.000)
 |   |- Transform: 0.000000,0.000000,0.000000|0.000000,0.000000,-0.000000|1.000000,1.000000,1.000000
 |   |- Container: /Game/SlinkyDog/proto_twoplayer/Proto_2dMap_twoplayer
----------------------------------------------------------------------------------------------------------------
Proto_2dMap_twoplayer - Persistent Level
----------------------------------------------------------------------------------------------------------------
[+] Content of Proto_2dMap_twoplayer Persistent Level
 |- Always loaded Actor Count: 21 
 |- Actor Path: /Game/SlinkyDog/proto_twoplayer/Proto_2dMap_twoplayer.Proto_2dMap_twoplayer:PersistentLevel.AbstractNavData-Default
 |- Actor Package: /Game/SlinkyDog/proto_twoplayer/Proto_2dMap_twoplayer
 |- Actor Path: /Game/SlinkyDog/proto_twoplayer/Proto_2dMap_twoplayer.Proto_2dMap_twoplayer:PersistentLevel.BP_Proto_TwoPlayer1_C_UAID_A88FD94DF18D85DF01_1114516055
 |- Actor Package: /Game/__ExternalActors__/SlinkyDog/proto_twoplayer/Proto_2dMap_twoplayer/D/3B/JIFOI2CWGWGVX8GQKUW85E
 |- Actor Path: /Game/SlinkyDog/proto_twoplayer/Proto_2dMap_twoplayer.Proto_2dMap_twoplayer:PersistentLevel.BP_Proto_TwoPlayer2_C_UAID_A88FD94DF18D85DF01_1119216056
 |- Actor Package: /Game/__ExternalActors__/SlinkyDog/proto_twoplayer/Proto_2dMap_twoplayer/E/Y1/UP3DIRGPUIPFCZ3BYSMI26
 |- Actor Path: /Game/SlinkyDog/proto_twoplayer/Proto_2dMap_twoplayer.Proto_2dMap_twoplayer:PersistentLevel.Brush_0
 |- Actor Package: /Game/SlinkyDog/proto_twoplayer/Proto_2dMap_twoplayer
 |- Actor Path: /Game/SlinkyDog/proto_twoplayer/Proto_2dMap_twoplayer.Proto_2dMap_twoplayer:PersistentLevel.DefaultPhysicsVolume_0
 |- Actor Package: /Game/SlinkyDog/proto_twoplayer/Proto_2dMap_twoplayer
 |- Actor Path: /Game/SlinkyDog/proto_twoplayer/Proto_2dMap_twoplayer.Proto_2dMap_twoplayer:PersistentLevel.DirectionalLight_0
 |- Actor Package: /Game/__ExternalActors__/SlinkyDog/proto_twoplayer/Proto_2dMap_twoplayer/6/XU/XIN4TQF2AMN0Z4JS9XHVS5
 |- Actor Path: /Game/SlinkyDog/proto_twoplayer/Proto_2dMap_twoplayer.Proto_2dMap_twoplayer:PersistentLevel.ExponentialHeightFog_0
 |- Actor Package: /Game/__ExternalActors__/SlinkyDog/proto_twoplayer/Proto_2dMap_twoplayer/9/GZ/OSDLP1H9S3G0JRLV1XIES7
 |- Actor Path: /Game/SlinkyDog/proto_twoplayer/Proto_2dMap_twoplayer.Proto_2dMap_twoplayer:PersistentLevel.GameplayDebuggerPlayerManager_0
 |- Actor Package: /Game/SlinkyDog/proto_twoplayer/Proto_2dMap_twoplayer
 |- Actor Path: /Game/SlinkyDog/proto_twoplayer/Proto_2dMap_twoplayer.Proto_2dMap_twoplayer:PersistentLevel.PostProcessVolume_0
 |- Actor Package: /Game/__ExternalActors__/SlinkyDog/proto_twoplayer/Proto_2dMap_twoplayer/E/VT/Y6BB284591QZMYVJA7E75D
 |- Actor Path: /Game/SlinkyDog/proto_twoplayer/Proto_2dMap_twoplayer.Proto_2dMap_twoplayer:PersistentLevel.Proto_2dMap_twoplayer_C_1
 |- Actor Package: /Game/SlinkyDog/proto_twoplayer/Proto_2dMap_twoplayer
 |- Actor Path: /Game/SlinkyDog/proto_twoplayer/Proto_2dMap_twoplayer.Proto_2dMap_twoplayer:PersistentLevel.SkyAtmosphere_0
 |- Actor Package: /Game/__ExternalActors__/SlinkyDog/proto_twoplayer/Proto_2dMap_twoplayer/9/3J/O9E4F89OOEP5QG59MEADGS
 |- Actor Path: /Game/SlinkyDog/proto_twoplayer/Proto_2dMap_twoplayer.Proto_2dMap_twoplayer:PersistentLevel.SkyLight_1
 |- Actor Package: /Game/__ExternalActors__/SlinkyDog/proto_twoplayer/Proto_2dMap_twoplayer/0/B8/RBP0X4WNG3Q9XCG747ADHG
 |- Actor Path: /Game/SlinkyDog/proto_twoplayer/Proto_2dMap_twoplayer.Proto_2dMap_twoplayer:PersistentLevel.StaticMeshActor_1
 |- Actor Package: /Game/__ExternalActors__/SlinkyDog/proto_twoplayer/Proto_2dMap_twoplayer/B/JW/AL131EWHHYT9EUQ8F1ST19
 |- Actor Path: /Game/SlinkyDog/proto_twoplayer/Proto_2dMap_twoplayer.Proto_2dMap_twoplayer:PersistentLevel.StaticMeshActor_5
 |- Actor Package: /Game/__ExternalActors__/SlinkyDog/proto_twoplayer/Proto_2dMap_twoplayer/5/AW/R3WFF78WR606PJ7TYG7TOQ
 |- Actor Path: /Game/SlinkyDog/proto_twoplayer/Proto_2dMap_twoplayer.Proto_2dMap_twoplayer:PersistentLevel.StaticMeshActor_UAID_489EBD54FF2393DE01_1821048463
 |- Actor Package: /Game/__ExternalActors__/SlinkyDog/proto_twoplayer/Proto_2dMap_twoplayer/7/X7/0F4XXTKVLFWHIH2KUE3QT9
 |- Actor Path: /Game/SlinkyDog/proto_twoplayer/Proto_2dMap_twoplayer.Proto_2dMap_twoplayer:PersistentLevel.StaticMeshActor_UAID_489EBD54FF2393DE01_1821807464
 |- Actor Package: /Game/__ExternalActors__/SlinkyDog/proto_twoplayer/Proto_2dMap_twoplayer/A/2Y/3M98ELGUGVHASR7UK9QTVW
 |- Actor Path: /Game/SlinkyDog/proto_twoplayer/Proto_2dMap_twoplayer.Proto_2dMap_twoplayer:PersistentLevel.StaticMeshActor_UAID_A4AE111137DC5EFB00_1110535423
 |- Actor Package: /Game/__ExternalActors__/SlinkyDog/proto_twoplayer/Proto_2dMap_twoplayer/A/82/2W8REDVXR7UXGFC5JT34H2
 |- Actor Path: /Game/SlinkyDog/proto_twoplayer/Proto_2dMap_twoplayer.Proto_2dMap_twoplayer:PersistentLevel.VolumetricCloud_0
 |- Actor Package: /Game/__ExternalActors__/SlinkyDog/proto_twoplayer/Proto_2dMap_twoplayer/4/R3/YF5NI67M1F0NKYZHFKDKGD
 |- Actor Path: /Game/SlinkyDog/proto_twoplayer/Proto_2dMap_twoplayer.Proto_2dMap_twoplayer:PersistentLevel.WorldDataLayers
 |- Actor Package: /Game/__ExternalActors__/SlinkyDog/proto_twoplayer/Proto_2dMap_twoplayer/E/LI/4FFCRCKHX9QJGGHK3S5CW3
 |- Actor Path: /Game/SlinkyDog/proto_twoplayer/Proto_2dMap_twoplayer.Proto_2dMap_twoplayer:PersistentLevel.WorldInfo_0
 |- Actor Package: /Game/SlinkyDog/proto_twoplayer/Proto_2dMap_twoplayer
 |- Actor Path: /Game/SlinkyDog/proto_twoplayer/Proto_2dMap_twoplayer.Proto_2dMap_twoplayer:PersistentLevel.WorldPartitionMiniMap_0
 |- Actor Package: /Game/__ExternalActors__/SlinkyDog/proto_twoplayer/Proto_2dMap_twoplayer/D/RE/NPUZW1YQXR4T1KD9Y44T08

----------------------------------------------------------------------------------------------------------------
Proto_2dMap_twoplayer - Runtime Spatial Hash - Streaming Grid - MainGrid
----------------------------------------------------------------------------------------------------------------
            Origin: X=0.000 Y=0.000 Z=0.000
         Cell Size: 12800
      World Bounds: IsValid=false, Min=(X=0.000 Y=0.000 Z=0.000), Max=(X=0.000 Y=0.000 Z=0.000)
     Loading Range: 25600.00
Block Slow Loading: No
 ClientOnlyVisible: No
            Origin: X=0.000 Y=0.000 Z=0.000

[+] Grid Levels: 1
 |- Level  0: Cell Count    0 | Cell Size   12800 | Actor Count    0 (0.0%)

[+] Content of Grid Level 0

