[+] Containers:
 |- [+] Container: /Game/SlinkyDog/level1/level1
 |   |- [+] ActorDescs:
 |   |   |- Guid:030504EF4B9EC26587C68E8EAE1E3E59 BaseClass: NativeClass:/Script/Engine.StaticMeshActor Name:StaticMeshActor_UAID_489EBD54FF2393DE01_1821048463 Label:StaticMeshActor SpatiallyLoaded:1 Bounds:IsValid=true, Min=(X=10.000 Y=-30.000 Z=40.000), Max=(X=10.000 Y=-30.000 Z=40.000) RuntimeGrid:None EditorOnly:0 RuntimeOnly:0 HLODRelevant:0 ListedInSceneOutliner:1 IsMainWorldOnly:0
 |   |   |- Guid:127C295F4B0EF879F3D58AB71F9F6A40 BaseClass: NativeClass:/Script/Engine.StaticMeshActor Name:StaticMeshActor_UAID_489EBD54FF2393DE01_1821807464 Label:StaticMeshActor2 SpatiallyLoaded:1 Bounds:IsValid=true, Min=(X=230.000 Y=20.000 Z=40.000), Max=(X=230.000 Y=20.000 Z=40.000) RuntimeGrid:None EditorOnly:0 RuntimeOnly:0 HLODRelevant:0 ListedInSceneOutliner:1 IsMainWorldOnly:0
 |   |   |- Guid:171684E14F94046B7B2D0AB115E82B76 BaseClass: NativeClass:/Script/Engine.DirectionalLight Name:DirectionalLight_0 Label:DirectionalLight SpatiallyLoaded:0 Bounds:IsValid=true, Min=(X=-4398046511104.000 Y=-4398046511104.000 Z=-4398046511104.000), Max=(X=4398046511104.000 Y=4398046511104.000 Z=4398046511104.000) RuntimeGrid:None EditorOnly:0 RuntimeOnly:0 HLODRelevant:0 ListedInSceneOutliner:1 IsMainWorldOnly:0 FolderPath:Lighting FolderGuid:963EC3EB4002CCE9759E2EBA541A873A
 |   |   |- Guid:2CCB8E5F4CFD95BF6F3D0CAB939958A7 BaseClass: NativeClass:/Script/Engine.WorldDataLayers Name:WorldDataLayers Label:WorldDataLayers SpatiallyLoaded:0 Bounds:Invalid RuntimeGrid:None EditorOnly:0 RuntimeOnly:0 HLODRelevant:0 ListedInSceneOutliner:1 IsMainWorldOnly:1
 |   |   |- Guid:3075713644C7B179DC3CCE9091AF34FA BaseClass: NativeClass:/Script/Engine.SkyAtmosphere Name:SkyAtmosphere_0 Label:SkyAtmosphere SpatiallyLoaded:0 Bounds:IsValid=true, Min=(X=0.000 Y=0.000 Z=1020.000), Max=(X=0.000 Y=0.000 Z=1020.000) RuntimeGrid:None EditorOnly:0 RuntimeOnly:0 HLODRelevant:0 ListedInSceneOutliner:1 IsMainWorldOnly:0 FolderPath:Lighting FolderGuid:963EC3EB4002CCE9759E2EBA541A873A
 |   |   |- Guid:57439ABD496A6969BC058E8E9E095DDD BaseClass: NativeClass:/Script/Engine.StaticMeshActor Name:StaticMeshActor_5 Label:SM_Cube2 SpatiallyLoaded:1 Bounds:IsValid=true, Min=(X=-2446.319 Y=-340.000 Z=0.000), Max=(X=5446.319 Y=-240.000 Z=400.000) RuntimeGrid:None EditorOnly:0 RuntimeOnly:0 HLODRelevant:1 ListedInSceneOutliner:1 IsMainWorldOnly:0 FolderPath:LevelGeometry FolderGuid:0C5414C24AEEA50241B55AA00F1190BD
 |   |   |- Guid:5AB08629488FD38A0B6370A3931E5CB3 BaseClass: NativeClass:/Script/Engine.StaticMeshActor Name:StaticMeshActor_UAID_A4AE111137DC5EFB00_1110535423 Label:SM_SkySphere SpatiallyLoaded:0 Bounds:IsValid=true, Min=(X=-1638400.000 Y=-1638400.000 Z=-1638400.000), Max=(X=1638400.000 Y=1638400.000 Z=1638400.000) RuntimeGrid:None EditorOnly:0 RuntimeOnly:0 HLODRelevant:1 ListedInSceneOutliner:1 IsMainWorldOnly:0 FolderPath:Lighting FolderGuid:963EC3EB4002CCE9759E2EBA541A873A
 |   |   |- Guid:742030374D892EEC02711CAE004A3B4E BaseClass:/Game/SlinkyDog/proto_twoplayer/BP_Proto_TwoPlayer2.BP_Proto_TwoPlayer2_C NativeClass:/Script/Engine.Character Name:BP_Proto_TwoPlayer2_C_UAID_A88FD94DF18D85DF01_1119216056 Label:BP_Proto_TwoPlayer2 SpatiallyLoaded:1 Bounds:IsValid=true, Min=(X=1125.000 Y=-65.000 Z=-0.146), Max=(X=1197.591 Y=5.000 Z=180.237) RuntimeGrid:None EditorOnly:0 RuntimeOnly:0 HLODRelevant:0 ListedInSceneOutliner:1 IsMainWorldOnly:0 FolderPath:players FolderGuid:9C4336B84F45E69FE53910B25526D8D0
 |   |   |- Guid:869514EE431ADBFB730DCC84FF4C17D3 BaseClass:/Game/SlinkyDog/proto_twoplayer/CameraActor_Blueprint.CameraActor_Blueprint_C NativeClass:/Script/Engine.CameraActor Name:CameraActor_Blueprint_C_UAID_489EBD54FF23C7E001_1907186731 Label:CameraActor_Blueprint SpatiallyLoaded:1 Bounds:IsValid=true, Min=(X=1030.000 Y=810.000 Z=140.000), Max=(X=1030.000 Y=810.000 Z=140.000) RuntimeGrid:None EditorOnly:0 RuntimeOnly:0 HLODRelevant:0 ListedInSceneOutliner:1 IsMainWorldOnly:0
 |   |   |- Guid:98A526ED4BD3B1AB9956C2937FB90914 BaseClass: NativeClass:/Script/Engine.SkyLight Name:SkyLight_1 Label:SkyLight SpatiallyLoaded:0 Bounds:IsValid=true, Min=(X=0.000 Y=0.000 Z=690.000), Max=(X=0.000 Y=0.000 Z=690.000) RuntimeGrid:None EditorOnly:0 RuntimeOnly:0 HLODRelevant:0 ListedInSceneOutliner:1 IsMainWorldOnly:0 FolderPath:Lighting FolderGuid:963EC3EB4002CCE9759E2EBA541A873A
 |   |   |- Guid:A166494E4E22BEEBB66192B4BC992AF7 BaseClass:/Game/SlinkyDog/proto_twoplayer/BP_Proto_TwoPlayer1.BP_Proto_TwoPlayer1_C NativeClass:/Script/Engine.Character Name:BP_Proto_TwoPlayer1_C_UAID_A88FD94DF18D85DF01_1114516055 Label:BP_Proto_TwoPlayer1 SpatiallyLoaded:1 Bounds:IsValid=true, Min=(X=785.000 Y=-45.000 Z=-0.146), Max=(X=857.591 Y=25.000 Z=180.237) RuntimeGrid:None EditorOnly:0 RuntimeOnly:0 HLODRelevant:0 ListedInSceneOutliner:1 IsMainWorldOnly:0 FolderPath:players FolderGuid:9C4336B84F45E69FE53910B25526D8D0
 |   |   |- Guid:B6D5AEC949290FEF785CADBA16FC96F1 BaseClass: NativeClass:/Script/Engine.VolumetricCloud Name:VolumetricCloud_0 Label:VolumetricCloud SpatiallyLoaded:0 Bounds:IsValid=true, Min=(X=0.000 Y=0.000 Z=820.000), Max=(X=0.000 Y=0.000 Z=820.000) RuntimeGrid:None EditorOnly:0 RuntimeOnly:0 HLODRelevant:0 ListedInSceneOutliner:1 IsMainWorldOnly:0 FolderPath:Lighting FolderGuid:963EC3EB4002CCE9759E2EBA541A873A
 |   |   |- Guid:CA0E13DF4C00B0BF49467FA962B0728D BaseClass: NativeClass:/Script/Engine.PostProcessVolume Name:PostProcessVolume_0 Label:PostProcessVolume SpatiallyLoaded:0 Bounds:IsValid=true, Min=(X=0.000 Y=0.000 Z=400.000), Max=(X=200.000 Y=200.000 Z=600.000) RuntimeGrid:None EditorOnly:0 RuntimeOnly:0 HLODRelevant:0 ListedInSceneOutliner:1 IsMainWorldOnly:0 FolderPath:Lighting FolderGuid:963EC3EB4002CCE9759E2EBA541A873A
 |   |   |- Guid:DE81E1514C3D98E2809DF28D98C097A0 BaseClass: NativeClass:/Script/Engine.ExponentialHeightFog Name:ExponentialHeightFog_0 Label:ExponentialHeightFog SpatiallyLoaded:0 Bounds:IsValid=true, Min=(X=-5600.000 Y=-50.000 Z=-6850.000), Max=(X=-5600.000 Y=-50.000 Z=-6850.000) RuntimeGrid:None EditorOnly:0 RuntimeOnly:0 HLODRelevant:0 ListedInSceneOutliner:1 IsMainWorldOnly:0 FolderPath:Lighting FolderGuid:963EC3EB4002CCE9759E2EBA541A873A
 |   |   |- Guid:E2AAD1D34BADBC5C85A240A5E6E4FD83 BaseClass: NativeClass:/Script/Engine.StaticMeshActor Name:StaticMeshActor_UAID_489EBD54FF23C9E001_1661073084 Label:Cylinder SpatiallyLoaded:1 Bounds:IsValid=true, Min=(X=1520.000 Y=-80.000 Z=0.000), Max=(X=1620.000 Y=20.000 Z=100.000) RuntimeGrid:None EditorOnly:0 RuntimeOnly:0 HLODRelevant:1 ListedInSceneOutliner:1 IsMainWorldOnly:0
 |   |   |- Guid:F7464E4C4170834FE51327B63F40B158 BaseClass: NativeClass:/Script/Engine.StaticMeshActor Name:StaticMeshActor_1 Label:SM_Cube SpatiallyLoaded:1 Bounds:IsValid=true, Min=(X=-2446.319 Y=-3240.000 Z=-50.000), Max=(X=5446.319 Y=260.000 Z=0.000) RuntimeGrid:None EditorOnly:0 RuntimeOnly:0 HLODRelevant:1 ListedInSceneOutliner:1 IsMainWorldOnly:0 FolderPath:LevelGeometry FolderGuid:0C5414C24AEEA50241B55AA00F1190BD
 |   |- [+] Clusters:
 |   |   |- [+] [  0]
 |   |   |   |- Guid:030504EF4B9EC26587C68E8EAE1E3E59 BaseClass: NativeClass:/Script/Engine.StaticMeshActor Name:StaticMeshActor_UAID_489EBD54FF2393DE01_1821048463 Label:StaticMeshActor SpatiallyLoaded:1 Bounds:IsValid=true, Min=(X=10.000 Y=-30.000 Z=40.000), Max=(X=10.000 Y=-30.000 Z=40.000) RuntimeGrid:None EditorOnly:0 RuntimeOnly:0 HLODRelevant:0 ListedInSceneOutliner:1 IsMainWorldOnly:0
 |   |   |- [+] [  1]
 |   |   |   |- Guid:127C295F4B0EF879F3D58AB71F9F6A40 BaseClass: NativeClass:/Script/Engine.StaticMeshActor Name:StaticMeshActor_UAID_489EBD54FF2393DE01_1821807464 Label:StaticMeshActor2 SpatiallyLoaded:1 Bounds:IsValid=true, Min=(X=230.000 Y=20.000 Z=40.000), Max=(X=230.000 Y=20.000 Z=40.000) RuntimeGrid:None EditorOnly:0 RuntimeOnly:0 HLODRelevant:0 ListedInSceneOutliner:1 IsMainWorldOnly:0
 |   |   |- [+] [  2]
 |   |   |   |- Guid:171684E14F94046B7B2D0AB115E82B76 BaseClass: NativeClass:/Script/Engine.DirectionalLight Name:DirectionalLight_0 Label:DirectionalLight SpatiallyLoaded:0 Bounds:IsValid=true, Min=(X=-4398046511104.000 Y=-4398046511104.000 Z=-4398046511104.000), Max=(X=4398046511104.000 Y=4398046511104.000 Z=4398046511104.000) RuntimeGrid:None EditorOnly:0 RuntimeOnly:0 HLODRelevant:0 ListedInSceneOutliner:1 IsMainWorldOnly:0 FolderPath:Lighting FolderGuid:963EC3EB4002CCE9759E2EBA541A873A
 |   |   |- [+] [  3]
 |   |   |   |- Guid:2CCB8E5F4CFD95BF6F3D0CAB939958A7 BaseClass: NativeClass:/Script/Engine.WorldDataLayers Name:WorldDataLayers Label:WorldDataLayers SpatiallyLoaded:0 Bounds:Invalid RuntimeGrid:None EditorOnly:0 RuntimeOnly:0 HLODRelevant:0 ListedInSceneOutliner:1 IsMainWorldOnly:1
 |   |   |- [+] [  4]
 |   |   |   |- Guid:3075713644C7B179DC3CCE9091AF34FA BaseClass: NativeClass:/Script/Engine.SkyAtmosphere Name:SkyAtmosphere_0 Label:SkyAtmosphere SpatiallyLoaded:0 Bounds:IsValid=true, Min=(X=0.000 Y=0.000 Z=1020.000), Max=(X=0.000 Y=0.000 Z=1020.000) RuntimeGrid:None EditorOnly:0 RuntimeOnly:0 HLODRelevant:0 ListedInSceneOutliner:1 IsMainWorldOnly:0 FolderPath:Lighting FolderGuid:963EC3EB4002CCE9759E2EBA541A873A
 |   |   |- [+] [  5]
 |   |   |   |- Guid:57439ABD496A6969BC058E8E9E095DDD BaseClass: NativeClass:/Script/Engine.StaticMeshActor Name:StaticMeshActor_5 Label:SM_Cube2 SpatiallyLoaded:1 Bounds:IsValid=true, Min=(X=-2446.319 Y=-340.000 Z=0.000), Max=(X=5446.319 Y=-240.000 Z=400.000) RuntimeGrid:None EditorOnly:0 RuntimeOnly:0 HLODRelevant:1 ListedInSceneOutliner:1 IsMainWorldOnly:0 FolderPath:LevelGeometry FolderGuid:0C5414C24AEEA50241B55AA00F1190BD
 |   |   |- [+] [  6]
 |   |   |   |- Guid:5AB08629488FD38A0B6370A3931E5CB3 BaseClass: NativeClass:/Script/Engine.StaticMeshActor Name:StaticMeshActor_UAID_A4AE111137DC5EFB00_1110535423 Label:SM_SkySphere SpatiallyLoaded:0 Bounds:IsValid=true, Min=(X=-1638400.000 Y=-1638400.000 Z=-1638400.000), Max=(X=1638400.000 Y=1638400.000 Z=1638400.000) RuntimeGrid:None EditorOnly:0 RuntimeOnly:0 HLODRelevant:1 ListedInSceneOutliner:1 IsMainWorldOnly:0 FolderPath:Lighting FolderGuid:963EC3EB4002CCE9759E2EBA541A873A
 |   |   |- [+] [  7]
 |   |   |   |- Guid:742030374D892EEC02711CAE004A3B4E BaseClass:/Game/SlinkyDog/proto_twoplayer/BP_Proto_TwoPlayer2.BP_Proto_TwoPlayer2_C NativeClass:/Script/Engine.Character Name:BP_Proto_TwoPlayer2_C_UAID_A88FD94DF18D85DF01_1119216056 Label:BP_Proto_TwoPlayer2 SpatiallyLoaded:1 Bounds:IsValid=true, Min=(X=1125.000 Y=-65.000 Z=-0.146), Max=(X=1197.591 Y=5.000 Z=180.237) RuntimeGrid:None EditorOnly:0 RuntimeOnly:0 HLODRelevant:0 ListedInSceneOutliner:1 IsMainWorldOnly:0 FolderPath:players FolderGuid:9C4336B84F45E69FE53910B25526D8D0
 |   |   |- [+] [  8]
 |   |   |   |- Guid:869514EE431ADBFB730DCC84FF4C17D3 BaseClass:/Game/SlinkyDog/proto_twoplayer/CameraActor_Blueprint.CameraActor_Blueprint_C NativeClass:/Script/Engine.CameraActor Name:CameraActor_Blueprint_C_UAID_489EBD54FF23C7E001_1907186731 Label:CameraActor_Blueprint SpatiallyLoaded:1 Bounds:IsValid=true, Min=(X=1030.000 Y=810.000 Z=140.000), Max=(X=1030.000 Y=810.000 Z=140.000) RuntimeGrid:None EditorOnly:0 RuntimeOnly:0 HLODRelevant:0 ListedInSceneOutliner:1 IsMainWorldOnly:0
 |   |   |- [+] [  9]
 |   |   |   |- Guid:98A526ED4BD3B1AB9956C2937FB90914 BaseClass: NativeClass:/Script/Engine.SkyLight Name:SkyLight_1 Label:SkyLight SpatiallyLoaded:0 Bounds:IsValid=true, Min=(X=0.000 Y=0.000 Z=690.000), Max=(X=0.000 Y=0.000 Z=690.000) RuntimeGrid:None EditorOnly:0 RuntimeOnly:0 HLODRelevant:0 ListedInSceneOutliner:1 IsMainWorldOnly:0 FolderPath:Lighting FolderGuid:963EC3EB4002CCE9759E2EBA541A873A
 |   |   |- [+] [ 10]
 |   |   |   |- Guid:A166494E4E22BEEBB66192B4BC992AF7 BaseClass:/Game/SlinkyDog/proto_twoplayer/BP_Proto_TwoPlayer1.BP_Proto_TwoPlayer1_C NativeClass:/Script/Engine.Character Name:BP_Proto_TwoPlayer1_C_UAID_A88FD94DF18D85DF01_1114516055 Label:BP_Proto_TwoPlayer1 SpatiallyLoaded:1 Bounds:IsValid=true, Min=(X=785.000 Y=-45.000 Z=-0.146), Max=(X=857.591 Y=25.000 Z=180.237) RuntimeGrid:None EditorOnly:0 RuntimeOnly:0 HLODRelevant:0 ListedInSceneOutliner:1 IsMainWorldOnly:0 FolderPath:players FolderGuid:9C4336B84F45E69FE53910B25526D8D0
 |   |   |- [+] [ 11]
 |   |   |   |- Guid:B6D5AEC949290FEF785CADBA16FC96F1 BaseClass: NativeClass:/Script/Engine.VolumetricCloud Name:VolumetricCloud_0 Label:VolumetricCloud SpatiallyLoaded:0 Bounds:IsValid=true, Min=(X=0.000 Y=0.000 Z=820.000), Max=(X=0.000 Y=0.000 Z=820.000) RuntimeGrid:None EditorOnly:0 RuntimeOnly:0 HLODRelevant:0 ListedInSceneOutliner:1 IsMainWorldOnly:0 FolderPath:Lighting FolderGuid:963EC3EB4002CCE9759E2EBA541A873A
 |   |   |- [+] [ 12]
 |   |   |   |- Guid:CA0E13DF4C00B0BF49467FA962B0728D BaseClass: NativeClass:/Script/Engine.PostProcessVolume Name:PostProcessVolume_0 Label:PostProcessVolume SpatiallyLoaded:0 Bounds:IsValid=true, Min=(X=0.000 Y=0.000 Z=400.000), Max=(X=200.000 Y=200.000 Z=600.000) RuntimeGrid:None EditorOnly:0 RuntimeOnly:0 HLODRelevant:0 ListedInSceneOutliner:1 IsMainWorldOnly:0 FolderPath:Lighting FolderGuid:963EC3EB4002CCE9759E2EBA541A873A
 |   |   |- [+] [ 13]
 |   |   |   |- Guid:DE81E1514C3D98E2809DF28D98C097A0 BaseClass: NativeClass:/Script/Engine.ExponentialHeightFog Name:ExponentialHeightFog_0 Label:ExponentialHeightFog SpatiallyLoaded:0 Bounds:IsValid=true, Min=(X=-5600.000 Y=-50.000 Z=-6850.000), Max=(X=-5600.000 Y=-50.000 Z=-6850.000) RuntimeGrid:None EditorOnly:0 RuntimeOnly:0 HLODRelevant:0 ListedInSceneOutliner:1 IsMainWorldOnly:0 FolderPath:Lighting FolderGuid:963EC3EB4002CCE9759E2EBA541A873A
 |   |   |- [+] [ 14]
 |   |   |   |- Guid:E2AAD1D34BADBC5C85A240A5E6E4FD83 BaseClass: NativeClass:/Script/Engine.StaticMeshActor Name:StaticMeshActor_UAID_489EBD54FF23C9E001_1661073084 Label:Cylinder SpatiallyLoaded:1 Bounds:IsValid=true, Min=(X=1520.000 Y=-80.000 Z=0.000), Max=(X=1620.000 Y=20.000 Z=100.000) RuntimeGrid:None EditorOnly:0 RuntimeOnly:0 HLODRelevant:1 ListedInSceneOutliner:1 IsMainWorldOnly:0
 |   |   |- [+] [ 15]
 |   |   |   |- Guid:F7464E4C4170834FE51327B63F40B158 BaseClass: NativeClass:/Script/Engine.StaticMeshActor Name:StaticMeshActor_1 Label:SM_Cube SpatiallyLoaded:1 Bounds:IsValid=true, Min=(X=-2446.319 Y=-3240.000 Z=-50.000), Max=(X=5446.319 Y=260.000 Z=0.000) RuntimeGrid:None EditorOnly:0 RuntimeOnly:0 HLODRelevant:1 ListedInSceneOutliner:1 IsMainWorldOnly:0 FolderPath:LevelGeometry FolderGuid:0C5414C24AEEA50241B55AA00F1190BD
 |- ContainerInstances:
 |- [+] MainContainer:
 |   |-        ID: 00000000000000000000000000000000
 |   |-  ParentID: 00000000000000000000000000000000
 |   |-    Bounds: IsValid=false, Min=(X=0.000 Y=0.000 Z=0.000), Max=(X=0.000 Y=0.000 Z=0.000)
 |   |- Transform: 0.000000,0.000000,0.000000|0.000000,0.000000,-0.000000|1.000000,1.000000,1.000000
 |   |- Container: /Game/SlinkyDog/level1/level1
----------------------------------------------------------------------------------------------------------------
level1 - Persistent Level
----------------------------------------------------------------------------------------------------------------
[+] Content of level1 Persistent Level
 |- Always loaded Actor Count: 23 
 |- Actor Path: /Game/SlinkyDog/level1/level1.level1:PersistentLevel.AbstractNavData-Default
 |- Actor Package: /Game/SlinkyDog/level1/level1
 |- Actor Path: /Game/SlinkyDog/level1/level1.level1:PersistentLevel.BP_Proto_TwoPlayer1_C_UAID_A88FD94DF18D85DF01_1114516055
 |- Actor Package: /Game/__ExternalActors__/SlinkyDog/level1/level1/A/72/OACCVOGE0I2VAM9EQESRG7
 |- Actor Path: /Game/SlinkyDog/level1/level1.level1:PersistentLevel.BP_Proto_TwoPlayer2_C_UAID_A88FD94DF18D85DF01_1119216056
 |- Actor Package: /Game/__ExternalActors__/SlinkyDog/level1/level1/9/2Y/E2WYHYPO2HXLMJKV09BBO1
 |- Actor Path: /Game/SlinkyDog/level1/level1.level1:PersistentLevel.Brush_0
 |- Actor Package: /Game/SlinkyDog/level1/level1
 |- Actor Path: /Game/SlinkyDog/level1/level1.level1:PersistentLevel.CameraActor_Blueprint_C_UAID_489EBD54FF23C7E001_1907186731
 |- Actor Package: /Game/__ExternalActors__/SlinkyDog/level1/level1/E/3R/KKWMY7GBKZU8PGP6LPNC4U
 |- Actor Path: /Game/SlinkyDog/level1/level1.level1:PersistentLevel.DefaultPhysicsVolume_0
 |- Actor Package: /Game/SlinkyDog/level1/level1
 |- Actor Path: /Game/SlinkyDog/level1/level1.level1:PersistentLevel.DirectionalLight_0
 |- Actor Package: /Game/__ExternalActors__/SlinkyDog/level1/level1/1/87/8TO20AF4672AIQS3G7E1VY
 |- Actor Path: /Game/SlinkyDog/level1/level1.level1:PersistentLevel.ExponentialHeightFog_0
 |- Actor Package: /Game/__ExternalActors__/SlinkyDog/level1/level1/4/DW/K5LA4Z2TK1IM1492GHRU46
 |- Actor Path: /Game/SlinkyDog/level1/level1.level1:PersistentLevel.GameplayDebuggerPlayerManager_0
 |- Actor Package: /Game/SlinkyDog/level1/level1
 |- Actor Path: /Game/SlinkyDog/level1/level1.level1:PersistentLevel.level1_C_1
 |- Actor Package: /Game/SlinkyDog/level1/level1
 |- Actor Path: /Game/SlinkyDog/level1/level1.level1:PersistentLevel.PostProcessVolume_0
 |- Actor Package: /Game/__ExternalActors__/SlinkyDog/level1/level1/1/8B/MOX04SZWELXI9YBA9QU8GR
 |- Actor Path: /Game/SlinkyDog/level1/level1.level1:PersistentLevel.SkyAtmosphere_0
 |- Actor Package: /Game/__ExternalActors__/SlinkyDog/level1/level1/2/1Z/6JCVQWZU734ISRJ7RED79Z
 |- Actor Path: /Game/SlinkyDog/level1/level1.level1:PersistentLevel.SkyLight_1
 |- Actor Package: /Game/__ExternalActors__/SlinkyDog/level1/level1/2/37/B3JW87YLTVWJ7ZP3YYLHCC
 |- Actor Path: /Game/SlinkyDog/level1/level1.level1:PersistentLevel.StaticMeshActor_1
 |- Actor Package: /Game/__ExternalActors__/SlinkyDog/level1/level1/5/GR/2FTFAYBYQY7ANDA3MQRXBB
 |- Actor Path: /Game/SlinkyDog/level1/level1.level1:PersistentLevel.StaticMeshActor_5
 |- Actor Package: /Game/__ExternalActors__/SlinkyDog/level1/level1/8/JA/9N08WKAIL9SUPUFJI61OVY
 |- Actor Path: /Game/SlinkyDog/level1/level1.level1:PersistentLevel.StaticMeshActor_UAID_489EBD54FF2393DE01_1821048463
 |- Actor Package: /Game/__ExternalActors__/SlinkyDog/level1/level1/C/O5/PMGLR0LUUZ3Q99N64IPXK2
 |- Actor Path: /Game/SlinkyDog/level1/level1.level1:PersistentLevel.StaticMeshActor_UAID_489EBD54FF2393DE01_1821807464
 |- Actor Package: /Game/__ExternalActors__/SlinkyDog/level1/level1/B/OZ/87P1768BA5JBUIH53R1UE1
 |- Actor Path: /Game/SlinkyDog/level1/level1.level1:PersistentLevel.StaticMeshActor_UAID_489EBD54FF23C9E001_1661073084
 |- Actor Package: /Game/__ExternalActors__/SlinkyDog/level1/level1/8/69/JJN60ZTI8D2TJK46I6E4O8
 |- Actor Path: /Game/SlinkyDog/level1/level1.level1:PersistentLevel.StaticMeshActor_UAID_A4AE111137DC5EFB00_1110535423
 |- Actor Package: /Game/__ExternalActors__/SlinkyDog/level1/level1/3/CJ/WBJDBTI524AZGR4P26R5FN
 |- Actor Path: /Game/SlinkyDog/level1/level1.level1:PersistentLevel.VolumetricCloud_0
 |- Actor Package: /Game/__ExternalActors__/SlinkyDog/level1/level1/3/RC/TV3Q67WV2YC4XRX7E38ZK9
 |- Actor Path: /Game/SlinkyDog/level1/level1.level1:PersistentLevel.WorldDataLayers
 |- Actor Package: /Game/__ExternalActors__/SlinkyDog/level1/level1/1/MX/IIQC0TBMYBAQB5LD14YV70
 |- Actor Path: /Game/SlinkyDog/level1/level1.level1:PersistentLevel.WorldInfo_0
 |- Actor Package: /Game/SlinkyDog/level1/level1
 |- Actor Path: /Game/SlinkyDog/level1/level1.level1:PersistentLevel.WorldPartitionMiniMap_0
 |- Actor Package: /Game/__ExternalActors__/SlinkyDog/level1/level1/1/VV/7MUW9HRFU456DUH4ZN2BNQ

----------------------------------------------------------------------------------------------------------------
level1 - Runtime Spatial Hash - Streaming Grid - MainGrid
----------------------------------------------------------------------------------------------------------------
            Origin: X=0.000 Y=0.000 Z=0.000
         Cell Size: 12800
      World Bounds: IsValid=false, Min=(X=0.000 Y=0.000 Z=0.000), Max=(X=0.000 Y=0.000 Z=0.000)
     Loading Range: 25600.00
Block Slow Loading: No
 ClientOnlyVisible: No
            Origin: X=0.000 Y=0.000 Z=0.000

[+] Grid Levels: 1
 |- Level  0: Cell Count    0 | Cell Size   12800 | Actor Count    0 (0.0%)

[+] Content of Grid Level 0

